1-25-2020-8:17:30:874 connecting to mongodb...
1-25-2020-8:17:31:979 Reading events...
1-25-2020-8:17:37:380 Reading UFC 1: The Beginning
1-25-2020-8:17:37:381 Searching through weight classes
1-25-2020-8:17:37:381 No weight class found
1-25-2020-8:17:37:382 Finding fighters Royce Gracie and Gerard Gordeau
1-25-2020-8:17:37:630 Saving match: 
1-25-2020-8:17:37:631 
organization:UFC 
eventName:UFC 1: The Beginning 
matchOrder:0 
isFiveRounds:true 
isTitleFight:false 
weightClass:0 
fighters:5df98b1cb4e09826e489c463,5df98b26b4e09826e489c583 
winnerIndex:1 
championIndex:null 
method:Submission 
time:1:44 
methodInfo:rear naked choke 
decisionInfo: 
round: 
isTestData:false 
isMockData:false 
1-25-2020-8:17:37:657 Searching through weight classes
1-25-2020-8:17:37:657 No weight class found
1-25-2020-8:17:37:658 Finding fighters Royce Gracie and Ken Shamrock
1-25-2020-8:17:37:843 Saving match: 
1-25-2020-8:17:37:843 
organization:UFC 
eventName:UFC 1: The Beginning 
matchOrder:1 
isFiveRounds:false 
isTitleFight:false 
weightClass:0 
fighters:5df98b26b4e09826e489c583,5df98b28b4e09826e489c5b5 
winnerIndex:0 
championIndex:null 
method:Submission 
time:0:57 
methodInfo:sleeve choke 
decisionInfo: 
round: 
isTestData:false 
isMockData:false 
1-25-2020-8:17:37:854 Searching through weight classes
1-25-2020-8:17:37:864 No weight class found
1-25-2020-8:17:37:864 Finding fighters Gerard Gordeau and Kevin Rosier
1-25-2020-8:17:38:186 Saving match: 
1-25-2020-8:17:38:187 
organization:UFC 
eventName:UFC 1: The Beginning 
matchOrder:2 
isFiveRounds:false 
isTitleFight:false 
weightClass:0 
fighters:5df98b07b4e09826e489c250,5df98b1cb4e09826e489c463 
winnerIndex:1 
championIndex:null 
method:TKO 
time:0:59 
methodInfo:corner stoppage 
decisionInfo: 
round: 
isTestData:false 
isMockData:false 
1-25-2020-8:17:38:201 Searching through weight classes
1-25-2020-8:17:38:202 No weight class found
1-25-2020-8:17:38:211 Finding fighters Ken Shamrock and Patrick Smith
1-25-2020-8:17:38:474 Saving match: 
1-25-2020-8:17:38:475 
organization:UFC 
eventName:UFC 1: The Beginning 
matchOrder:3 
isFiveRounds:false 
isTitleFight:false 
weightClass:0 
fighters:5df98b0fb4e09826e489c323,5df98b28b4e09826e489c5b5 
winnerIndex:1 
championIndex:null 
method:Submission 
time:1:49 
methodInfo:heel hook 
decisionInfo: 
round: 
isTestData:false 
isMockData:false 
1-25-2020-8:17:38:493 Searching through weight classes
1-25-2020-8:17:38:500 No weight class found
1-25-2020-8:17:38:500 Finding fighters Royce Gracie and Art Jimmerson
1-25-2020-8:17:38:739 Saving match: 
1-25-2020-8:17:38:740 
organization:UFC 
eventName:UFC 1: The Beginning 
matchOrder:4 
isFiveRounds:false 
isTitleFight:false 
weightClass:0 
fighters:5df98b26b4e09826e489c583,5df98b18b4e09826e489c409 
winnerIndex:0 
championIndex:null 
method:Submission 
time:2:18 
methodInfo:mount 
decisionInfo: 
round: 
isTestData:false 
isMockData:false 
1-25-2020-8:17:38:762 Searching through weight classes
1-25-2020-8:17:38:762 No weight class found
1-25-2020-8:17:38:763 Finding fighters Kevin Rosier and Zane Frazier
1-25-2020-8:17:38:875 Saving match: 
1-25-2020-8:17:38:875 
organization:UFC 
eventName:UFC 1: The Beginning 
matchOrder:5 
isFiveRounds:false 
isTitleFight:false 
weightClass:0 
fighters:5df98b0eb4e09826e489c30b,5df98b07b4e09826e489c250 
winnerIndex:1 
championIndex:null 
method:TKO 
time:4:20 
methodInfo:corner stoppage 
decisionInfo: 
round: 
isTestData:false 
isMockData:false 
1-25-2020-8:17:38:888 Searching through weight classes
1-25-2020-8:17:38:888 No weight class found
1-25-2020-8:17:38:888 Finding fighters Gerard Gordeau and Teila Tuli
1-25-2020-8:17:39:30 Saving match: 
1-25-2020-8:17:39:31 
organization:UFC 
eventName:UFC 1: The Beginning 
matchOrder:6 
isFiveRounds:false 
isTitleFight:false 
weightClass:0 
fighters:5df98b08b4e09826e489c26d,5df98b1cb4e09826e489c463 
winnerIndex:1 
championIndex:null 
method:TKO 
time:0:26 
methodInfo:head kick 
decisionInfo: 
round: 
isTestData:false 
isMockData:false 
1-25-2020-8:17:39:56 Searching through weight classes
1-25-2020-8:17:39:58 No weight class found
1-25-2020-8:17:39:59 Finding fighters Jason DeLucia and Trent Jenkins
1-25-2020-8:17:39:219 Saving match: 
1-25-2020-8:17:39:220 
organization:UFC 
eventName:UFC 1: The Beginning 
matchOrder:7 
isFiveRounds:false 
isTitleFight:false 
weightClass:0 
fighters:5df98afcb4e09826e489c126,5df98b29b4e09826e489c5d4 
winnerIndex:1 
championIndex:null 
method:Submission 
time:0:52 
methodInfo:rear-naked choke 
decisionInfo: 
round: 
isTestData:false 
isMockData:false 
1-25-2020-8:17:43:644 Updating fighter record:
1-25-2020-8:17:43:645 
isChampion:false 
record:[object Object] 
matches:5e2c3ff13cc546129c160f98,5e2c3ff13cc546129c160f98,5e2c3ff13cc546129c160f99,5e2c3ff13cc546129c160f99,5e2c3ff23cc546129c160f9a,5e2c3ff23cc546129c160f9a,5e2c3ff23cc546129c160f9b,5e2c3ff23cc546129c160f9b,5e2c3ff23cc546129c160f9c,5e2c3ff23cc546129c160f9c,5e2c3ff23cc546129c160f9d,5e2c3ff23cc546129c160f9d,5e2c3ff23cc546129c160f9e,5e2c3ff23cc546129c160f9e,5e2c3ff33cc546129c160f9f,5e2c3ff33cc546129c160f9f 
1-25-2020-8:17:43:662 Updating fighter record:
1-25-2020-8:17:43:663 
isChampion:false 
record:[object Object] 
matches:5e2c3ff13cc546129c160f98,5e2c3ff13cc546129c160f98,5e2c3ff13cc546129c160f99,5e2c3ff13cc546129c160f99,5e2c3ff23cc546129c160f9a,5e2c3ff23cc546129c160f9a,5e2c3ff23cc546129c160f9b,5e2c3ff23cc546129c160f9b,5e2c3ff23cc546129c160f9c,5e2c3ff23cc546129c160f9c,5e2c3ff23cc546129c160f9d,5e2c3ff23cc546129c160f9d,5e2c3ff23cc546129c160f9e,5e2c3ff23cc546129c160f9e,5e2c3ff33cc546129c160f9f,5e2c3ff33cc546129c160f9f 
1-25-2020-8:17:43:665 Updating fighter record:
1-25-2020-8:17:43:700 
isChampion:false 
record:[object Object] 
matches:5e2c3ff13cc546129c160f98,5e2c3ff13cc546129c160f98,5e2c3ff13cc546129c160f99,5e2c3ff13cc546129c160f99,5e2c3ff23cc546129c160f9a,5e2c3ff23cc546129c160f9a,5e2c3ff23cc546129c160f9b,5e2c3ff23cc546129c160f9b,5e2c3ff23cc546129c160f9c,5e2c3ff23cc546129c160f9c,5e2c3ff23cc546129c160f9d,5e2c3ff23cc546129c160f9d,5e2c3ff23cc546129c160f9e,5e2c3ff23cc546129c160f9e,5e2c3ff33cc546129c160f9f,5e2c3ff33cc546129c160f9f 
1-25-2020-8:17:43:716 Updating fighter record:
1-25-2020-8:17:43:717 
isChampion:false 
record:[object Object] 
matches:5e2c3ff13cc546129c160f98,5e2c3ff13cc546129c160f98,5e2c3ff13cc546129c160f99,5e2c3ff13cc546129c160f99,5e2c3ff23cc546129c160f9a,5e2c3ff23cc546129c160f9a,5e2c3ff23cc546129c160f9b,5e2c3ff23cc546129c160f9b,5e2c3ff23cc546129c160f9c,5e2c3ff23cc546129c160f9c,5e2c3ff23cc546129c160f9d,5e2c3ff23cc546129c160f9d,5e2c3ff23cc546129c160f9e,5e2c3ff23cc546129c160f9e,5e2c3ff33cc546129c160f9f,5e2c3ff33cc546129c160f9f 
1-25-2020-8:17:43:718 Updating fighter record:
1-25-2020-8:17:43:718 
isChampion:false 
record:[object Object] 
matches:5e2c3ff13cc546129c160f98,5e2c3ff13cc546129c160f98,5e2c3ff13cc546129c160f99,5e2c3ff13cc546129c160f99,5e2c3ff23cc546129c160f9a,5e2c3ff23cc546129c160f9a,5e2c3ff23cc546129c160f9b,5e2c3ff23cc546129c160f9b,5e2c3ff23cc546129c160f9c,5e2c3ff23cc546129c160f9c,5e2c3ff23cc546129c160f9d,5e2c3ff23cc546129c160f9d,5e2c3ff23cc546129c160f9e,5e2c3ff23cc546129c160f9e,5e2c3ff33cc546129c160f9f,5e2c3ff33cc546129c160f9f 
1-25-2020-8:17:43:719 Updating fighter record:
1-25-2020-8:17:43:720 
isChampion:false 
record:[object Object] 
matches:5e2c3ff13cc546129c160f98,5e2c3ff13cc546129c160f98,5e2c3ff13cc546129c160f99,5e2c3ff13cc546129c160f99,5e2c3ff23cc546129c160f9a,5e2c3ff23cc546129c160f9a,5e2c3ff23cc546129c160f9b,5e2c3ff23cc546129c160f9b,5e2c3ff23cc546129c160f9c,5e2c3ff23cc546129c160f9c,5e2c3ff23cc546129c160f9d,5e2c3ff23cc546129c160f9d,5e2c3ff23cc546129c160f9e,5e2c3ff23cc546129c160f9e,5e2c3ff33cc546129c160f9f,5e2c3ff33cc546129c160f9f 
1-25-2020-8:17:43:747 Updating fighter record:
1-25-2020-8:17:43:747 
isChampion:false 
record:[object Object] 
matches:5e2c3ff13cc546129c160f98,5e2c3ff13cc546129c160f98,5e2c3ff13cc546129c160f99,5e2c3ff13cc546129c160f99,5e2c3ff23cc546129c160f9a,5e2c3ff23cc546129c160f9a,5e2c3ff23cc546129c160f9b,5e2c3ff23cc546129c160f9b,5e2c3ff23cc546129c160f9c,5e2c3ff23cc546129c160f9c,5e2c3ff23cc546129c160f9d,5e2c3ff23cc546129c160f9d,5e2c3ff23cc546129c160f9e,5e2c3ff23cc546129c160f9e,5e2c3ff33cc546129c160f9f,5e2c3ff33cc546129c160f9f 
1-25-2020-8:17:43:775 Updating fighter record:
1-25-2020-8:17:43:775 
isChampion:false 
record:[object Object] 
matches:5e2c3ff13cc546129c160f98,5e2c3ff13cc546129c160f98,5e2c3ff13cc546129c160f99,5e2c3ff13cc546129c160f99,5e2c3ff23cc546129c160f9a,5e2c3ff23cc546129c160f9a,5e2c3ff23cc546129c160f9b,5e2c3ff23cc546129c160f9b,5e2c3ff23cc546129c160f9c,5e2c3ff23cc546129c160f9c,5e2c3ff23cc546129c160f9d,5e2c3ff23cc546129c160f9d,5e2c3ff23cc546129c160f9e,5e2c3ff23cc546129c160f9e,5e2c3ff33cc546129c160f9f,5e2c3ff33cc546129c160f9f 
1-25-2020-8:17:43:810 Updating fighter record:
1-25-2020-8:17:43:830 
isChampion:false 
record:[object Object] 
matches:5e2c3ff13cc546129c160f98,5e2c3ff13cc546129c160f98,5e2c3ff13cc546129c160f99,5e2c3ff13cc546129c160f99,5e2c3ff23cc546129c160f9a,5e2c3ff23cc546129c160f9a,5e2c3ff23cc546129c160f9b,5e2c3ff23cc546129c160f9b,5e2c3ff23cc546129c160f9c,5e2c3ff23cc546129c160f9c,5e2c3ff23cc546129c160f9d,5e2c3ff23cc546129c160f9d,5e2c3ff23cc546129c160f9e,5e2c3ff23cc546129c160f9e,5e2c3ff33cc546129c160f9f,5e2c3ff33cc546129c160f9f 
1-25-2020-8:17:43:873 Updating fighter record:
1-25-2020-8:17:43:876 
isChampion:false 
record:[object Object] 
matches:5e2c3ff13cc546129c160f98,5e2c3ff13cc546129c160f98,5e2c3ff13cc546129c160f99,5e2c3ff13cc546129c160f99,5e2c3ff23cc546129c160f9a,5e2c3ff23cc546129c160f9a,5e2c3ff23cc546129c160f9b,5e2c3ff23cc546129c160f9b,5e2c3ff23cc546129c160f9c,5e2c3ff23cc546129c160f9c,5e2c3ff23cc546129c160f9d,5e2c3ff23cc546129c160f9d,5e2c3ff23cc546129c160f9e,5e2c3ff23cc546129c160f9e,5e2c3ff33cc546129c160f9f,5e2c3ff33cc546129c160f9f 
1-25-2020-8:17:43:888 Finished updating fighter records
1-25-2020-8:17:45:603 Reading UFC 2: No Way Out
1-25-2020-8:17:45:605 Searching through weight classes
1-25-2020-8:17:45:609 No weight class found
1-25-2020-8:17:45:609 Finding fighters Royce Gracie and Patrick Smith
1-25-2020-8:17:46:588 Saving match: 
1-25-2020-8:17:46:589 
organization:UFC 
eventName:UFC 2: No Way Out 
matchOrder:0 
isFiveRounds:true 
isTitleFight:false 
weightClass:0 
fighters:5df98b26b4e09826e489c583,5df98b0fb4e09826e489c323 
winnerIndex:0 
championIndex:null 
method:Submission 
time:1:17 
methodInfo:punches 
decisionInfo: 
round: 
isTestData:false 
isMockData:false 
1-25-2020-8:17:46:604 Searching through weight classes
1-25-2020-8:17:46:606 No weight class found
1-25-2020-8:17:46:606 Finding fighters Patrick Smith and Johnny Rhodes
1-25-2020-8:17:46:861 Saving match: 
1-25-2020-8:17:46:861 
organization:UFC 
eventName:UFC 2: No Way Out 
matchOrder:1 
isFiveRounds:false 
isTitleFight:false 
weightClass:0 
fighters:5df98b0fb4e09826e489c323,5df98affb4e09826e489c16c 
winnerIndex:0 
championIndex:null 
method:Submission 
time:1:07 
methodInfo:guillotine choke 
decisionInfo: 
round: 
isTestData:false 
isMockData:false 
1-25-2020-8:17:46:887 Searching through weight classes
1-25-2020-8:17:46:887 No weight class found
1-25-2020-8:17:46:888 Finding fighters Royce Gracie and Remco Pardoel
1-25-2020-8:17:47:113 Saving match: 
1-25-2020-8:17:47:114 
organization:UFC 
eventName:UFC 2: No Way Out 
matchOrder:2 
isFiveRounds:false 
isTitleFight:false 
weightClass:0 
fighters:5df98b13b4e09826e489c372,5df98b26b4e09826e489c583 
winnerIndex:1 
championIndex:null 
method:Submission 
time:1:31 
methodInfo:lapel choke 
decisionInfo: 
round: 
isTestData:false 
isMockData:false 
1-25-2020-8:17:47:136 Searching through weight classes
1-25-2020-8:17:47:137 No weight class found
1-25-2020-8:17:47:137 Finding fighters Patrick Smith and Scott Morris
1-25-2020-8:17:47:351 Saving match: 
1-25-2020-8:17:47:352 
organization:UFC 
eventName:UFC 2: No Way Out 
matchOrder:3 
isFiveRounds:false 
isTitleFight:false 
weightClass:0 
fighters:5df98afeb4e09826e489c161,5df98b0fb4e09826e489c323 
winnerIndex:1 
championIndex:null 
method:KO 
time:0:30 
methodInfo:elbows 
decisionInfo: 
round: 
isTestData:false 
isMockData:false 
1-25-2020-8:17:47:373 Searching through weight classes
1-25-2020-8:17:47:374 No weight class found
1-25-2020-8:17:47:374 Finding fighters Johnny Rhodes and Fred Ettish
1-25-2020-8:17:47:504 Saving match: 
1-25-2020-8:17:47:505 
organization:UFC 
eventName:UFC 2: No Way Out 
matchOrder:4 
isFiveRounds:false 
isTitleFight:false 
weightClass:0 
fighters:5df98affb4e09826e489c16c,5df98b1bb4e09826e489c458 
winnerIndex:0 
championIndex:null 
method:Submission 
time:3:07 
methodInfo:bulldog choke 
decisionInfo: 
round: 
isTestData:false 
isMockData:false 
1-25-2020-8:17:47:526 Searching through weight classes
1-25-2020-8:17:47:526 No weight class found
1-25-2020-8:17:47:527 Finding fighters Remco Pardoel and Orlando Wiet
1-25-2020-8:17:47:691 Saving match: 
1-25-2020-8:17:47:692 
organization:UFC 
eventName:UFC 2: No Way Out 
matchOrder:5 
isFiveRounds:false 
isTitleFight:false 
weightClass:0 
fighters:5df98b3cb4e09826e489c7c8,5df98b13b4e09826e489c372 
winnerIndex:1 
championIndex:null 
method:KO 
time:1:29 
methodInfo:elbows 
decisionInfo: 
round: 
isTestData:false 
isMockData:false 
1-25-2020-8:17:47:711 Searching through weight classes
1-25-2020-8:17:47:718 No weight class found
1-25-2020-8:17:47:718 Finding fighters Royce Gracie and Jason DeLucia
1-25-2020-8:17:47:868 Saving match: 
1-25-2020-8:17:47:868 
organization:UFC 
eventName:UFC 2: No Way Out 
matchOrder:6 
isFiveRounds:false 
isTitleFight:false 
weightClass:0 
fighters:5df98b29b4e09826e489c5d4,5df98b26b4e09826e489c583 
winnerIndex:1 
championIndex:null 
method:Submission 
time:1:07 
methodInfo:armlock 
decisionInfo: 
round: 
isTestData:false 
isMockData:false 
1-25-2020-8:17:47:888 Searching through weight classes
1-25-2020-8:17:47:889 No weight class found
1-25-2020-8:17:47:889 Finding fighters Scott Morris and Sean Daugherty
1-25-2020-8:17:48:113 Saving match: 
1-25-2020-8:17:48:114 
organization:UFC 
eventName:UFC 2: No Way Out 
matchOrder:7 
isFiveRounds:false 
isTitleFight:false 
weightClass:0 
fighters:5df98afeb4e09826e489c161,5df98b3eb4e09826e489c816 
winnerIndex:0 
championIndex:null 
method:Submission 
time:0:20 
methodInfo:guillotine choke 
decisionInfo: 
round: 
isTestData:false 
isMockData:false 
1-25-2020-8:17:48:127 Searching through weight classes
1-25-2020-8:17:48:127 No weight class found
1-25-2020-8:17:48:128 Finding fighters Patrick Smith and Ray Wizard
1-25-2020-8:17:48:314 Saving match: 
1-25-2020-8:17:48:315 
organization:UFC 
eventName:UFC 2: No Way Out 
matchOrder:8 
isFiveRounds:false 
isTitleFight:false 
weightClass:0 
fighters:5df98b1cb4e09826e489c47c,5df98b0fb4e09826e489c323 
winnerIndex:1 
championIndex:null 
method:Submission 
time:0:58 
methodInfo:guillotine choke 
decisionInfo: 
round: 
isTestData:false 
isMockData:false 
1-25-2020-8:17:48:332 Searching through weight classes
1-25-2020-8:17:48:333 No weight class found
1-25-2020-8:17:48:334 Finding fighters Johnny Rhodes and David Levicki
1-25-2020-8:17:48:666 Saving match: 
1-25-2020-8:17:48:667 
organization:UFC 
eventName:UFC 2: No Way Out 
matchOrder:9 
isFiveRounds:false 
isTitleFight:false 
weightClass:0 
fighters:5df98b00b4e09826e489c193,5df98affb4e09826e489c16c 
winnerIndex:1 
championIndex:null 
method:Submission 
time:12:13 
methodInfo:punches 
decisionInfo: 
round: 
isTestData:false 
isMockData:false 
1-25-2020-8:17:48:669 Searching through weight classes
1-25-2020-8:17:48:670 No weight class found
1-25-2020-8:17:48:671 Finding fighters Frank Hamaker and Thaddeus Luster
1-25-2020-8:17:48:850 Saving match: 
1-25-2020-8:17:48:851 
organization:UFC 
eventName:UFC 2: No Way Out 
matchOrder:10 
isFiveRounds:false 
isTitleFight:false 
weightClass:0 
fighters:5df98b21b4e09826e489c4fc,5df98b1db4e09826e489c481 
winnerIndex:0 
championIndex:null 
method:Submission 
time:4:52 
methodInfo:armlock 
decisionInfo: 
round: 
isTestData:false 
isMockData:false 
1-25-2020-8:17:48:864 Searching through weight classes
1-25-2020-8:17:48:864 No weight class found
1-25-2020-8:17:48:865 Finding fighters Orlando Wiet and Robert Lucarelli
1-25-2020-8:17:48:971 Saving match: 
1-25-2020-8:17:48:972 
organization:UFC 
eventName:UFC 2: No Way Out 
matchOrder:11 
isFiveRounds:false 
isTitleFight:false 
weightClass:0 
fighters:5df98b3cb4e09826e489c7c8,5df98b33b4e09826e489c6d6 
winnerIndex:0 
championIndex:null 
method:TKO 
time:2:50 
methodInfo:corner stoppage 
decisionInfo: 
round: 
isTestData:false 
isMockData:false 
1-25-2020-8:17:48:998 Searching through weight classes
1-25-2020-8:17:49:6 No weight class found
1-25-2020-8:17:49:7 Finding fighters Remco Pardoel and Alberto Cerro
1-25-2020-8:17:49:81 TypeError: Cannot read property '_id' of null
    at createDatabase (X:\git\mma-app\mma-app\backend\tools\data tools\data creation scripts\dataCreationTool.js:110:40)
    at process._tickCallback (internal/process/next_tick.js:68:7)
